Determining if the pthread_create exist failed with the following output:
Change Dir: /home/jorgearraez/catkin_ws/src/leap_motion_listener/build/CMakeFiles/CMakeTmp

Run Build Command:/usr/bin/make "cmTryCompileExec1904303973/fast"
/usr/bin/make -f CMakeFiles/cmTryCompileExec1904303973.dir/build.make CMakeFiles/cmTryCompileExec1904303973.dir/build
make[1]: Entering directory `/home/jorgearraez/catkin_ws/src/leap_motion_listener/build/CMakeFiles/CMakeTmp'
/usr/bin/cmake -E cmake_progress_report /home/jorgearraez/catkin_ws/src/leap_motion_listener/build/CMakeFiles/CMakeTmp/CMakeFiles 1
Building C object CMakeFiles/cmTryCompileExec1904303973.dir/CheckSymbolExists.c.o
/usr/bin/cc    -o CMakeFiles/cmTryCompileExec1904303973.dir/CheckSymbolExists.c.o   -c /home/jorgearraez/catkin_ws/src/leap_motion_listener/build/CMakeFiles/CMakeTmp/CheckSymbolExists.c
Linking C executable cmTryCompileExec1904303973
/usr/bin/cmake -E cmake_link_script CMakeFiles/cmTryCompileExec1904303973.dir/link.txt --verbose=1
/usr/bin/cc       CMakeFiles/cmTryCompileExec1904303973.dir/CheckSymbolExists.c.o  -o cmTryCompileExec1904303973 -rdynamic 
CMakeFiles/cmTryCompileExec1904303973.dir/CheckSymbolExists.c.o: In function `main':
CheckSymbolExists.c:(.text+0x16): undefined reference to `pthread_create'
collect2: error: ld returned 1 exit status
make[1]: Leaving directory `/home/jorgearraez/catkin_ws/src/leap_motion_listener/build/CMakeFiles/CMakeTmp'
make[1]: *** [cmTryCompileExec1904303973] Error 1
make: *** [cmTryCompileExec1904303973/fast] Error 2

File /home/jorgearraez/catkin_ws/src/leap_motion_listener/build/CMakeFiles/CMakeTmp/CheckSymbolExists.c:
/* */
#include <pthread.h>

int main(int argc, char** argv)
{
  (void)argv;
#ifndef pthread_create
  return ((int*)(&pthread_create))[argc];
#else
  (void)argc;
  return 0;
#endif
}

Determining if the function pthread_create exists in the pthreads failed with the following output:
Change Dir: /home/jorgearraez/catkin_ws/src/leap_motion_listener/build/CMakeFiles/CMakeTmp

Run Build Command:/usr/bin/make "cmTryCompileExec575504572/fast"
/usr/bin/make -f CMakeFiles/cmTryCompileExec575504572.dir/build.make CMakeFiles/cmTryCompileExec575504572.dir/build
make[1]: Entering directory `/home/jorgearraez/catkin_ws/src/leap_motion_listener/build/CMakeFiles/CMakeTmp'
/usr/bin/cmake -E cmake_progress_report /home/jorgearraez/catkin_ws/src/leap_motion_listener/build/CMakeFiles/CMakeTmp/CMakeFiles 1
Building C object CMakeFiles/cmTryCompileExec575504572.dir/CheckFunctionExists.c.o
/usr/bin/cc   -DCHECK_FUNCTION_EXISTS=pthread_create   -o CMakeFiles/cmTryCompileExec575504572.dir/CheckFunctionExists.c.o   -c /usr/share/cmake-2.8/Modules/CheckFunctionExists.c
Linking C executable cmTryCompileExec575504572
/usr/bin/cmake -E cmake_link_script CMakeFiles/cmTryCompileExec575504572.dir/link.txt --verbose=1
/usr/bin/cc   -DCHECK_FUNCTION_EXISTS=pthread_create    CMakeFiles/cmTryCompileExec575504572.dir/CheckFunctionExists.c.o  -o cmTryCompileExec575504572 -rdynamic -lpthreads 
/usr/bin/ld: cannot find -lpthreads
collect2: error: ld returned 1 exit status
make[1]: *** [cmTryCompileExec575504572] Error 1
make[1]: Leaving directory `/home/jorgearraez/catkin_ws/src/leap_motion_listener/build/CMakeFiles/CMakeTmp'
make: *** [cmTryCompileExec575504572/fast] Error 2


